<?xml version="1.0" encoding="UTF-8"?>
<testsuite name="com.example.HotelBooking.HotelBookingApplicationTests" tests="1" skipped="0" failures="0" errors="0" timestamp="2025-04-16T12:29:30" hostname="MINAL" time="4.225">
  <properties/>
  <testcase name="contextLoads()" classname="com.example.HotelBooking.HotelBookingApplicationTests" time="4.225"/>
  <system-out><![CDATA[17:59:09.762 [Test worker] INFO org.springframework.test.context.support.AnnotationConfigContextLoaderUtils -- Could not detect default configuration classes for test class [com.example.HotelBooking.HotelBookingApplicationTests]: HotelBookingApplicationTests does not declare any static, non-private, non-final, nested classes annotated with @Configuration.
17:59:10.123 [Test worker] INFO org.springframework.boot.test.context.SpringBootTestContextBootstrapper -- Found @SpringBootConfiguration com.example.HotelBooking.HotelBookingApplication for test class com.example.HotelBooking.HotelBookingApplicationTests

  .   ____          _            __ _ _
 /\\ / ___'_ __ _ _(_)_ __  __ _ \ \ \ \
( ( )\___ | '_ | '_| | '_ \/ _` | \ \ \ \
 \\/  ___)| |_)| | | | | || (_| |  ) ) ) )
  '  |____| .__|_| |_|_| |_\__, | / / / /
 =========|_|==============|___/=/_/_/_/

 :: Spring Boot ::                (v3.4.3)

2025-04-16T17:59:11.238+05:30  INFO 31020 --- [HotelBooking] [    Test worker] c.e.H.HotelBookingApplicationTests       : Starting HotelBookingApplicationTests using Java 21 with PID 31020 (started by minal in C:\Users\minal\OneDrive\Desktop\HotelBooking)
2025-04-16T17:59:11.247+05:30  INFO 31020 --- [HotelBooking] [    Test worker] c.e.H.HotelBookingApplicationTests       : No active profile set, falling back to 1 default profile: "default"
2025-04-16T17:59:13.804+05:30  INFO 31020 --- [HotelBooking] [    Test worker] .s.d.r.c.RepositoryConfigurationDelegate : Bootstrapping Spring Data JPA repositories in DEFAULT mode.
2025-04-16T17:59:14.123+05:30  INFO 31020 --- [HotelBooking] [    Test worker] .s.d.r.c.RepositoryConfigurationDelegate : Finished Spring Data repository scanning in 278 ms. Found 6 JPA repository interfaces.
2025-04-16T17:59:16.024+05:30  INFO 31020 --- [HotelBooking] [    Test worker] o.hibernate.jpa.internal.util.LogHelper  : HHH000204: Processing PersistenceUnitInfo [name: default]
2025-04-16T17:59:16.211+05:30  INFO 31020 --- [HotelBooking] [    Test worker] org.hibernate.Version                    : HHH000412: Hibernate ORM core version 6.6.8.Final
2025-04-16T17:59:16.351+05:30  INFO 31020 --- [HotelBooking] [    Test worker] o.h.c.internal.RegionFactoryInitiator    : HHH000026: Second-level cache disabled
2025-04-16T17:59:17.242+05:30  INFO 31020 --- [HotelBooking] [    Test worker] o.s.o.j.p.SpringPersistenceUnitInfo      : No LoadTimeWeaver setup: ignoring JPA class transformer
2025-04-16T17:59:17.318+05:30  INFO 31020 --- [HotelBooking] [    Test worker] com.zaxxer.hikari.HikariDataSource       : HikariPool-1 - Starting...
2025-04-16T17:59:17.779+05:30  INFO 31020 --- [HotelBooking] [    Test worker] com.zaxxer.hikari.pool.HikariPool        : HikariPool-1 - Added connection com.mysql.cj.jdbc.ConnectionImpl@30bbe83
2025-04-16T17:59:17.786+05:30  INFO 31020 --- [HotelBooking] [    Test worker] com.zaxxer.hikari.HikariDataSource       : HikariPool-1 - Start completed.
2025-04-16T17:59:17.833+05:30  WARN 31020 --- [HotelBooking] [    Test worker] org.hibernate.orm.deprecation            : HHH90000025: MySQL8Dialect does not need to be specified explicitly using 'hibernate.dialect' (remove the property setting and it will be selected by default)
2025-04-16T17:59:17.833+05:30  WARN 31020 --- [HotelBooking] [    Test worker] org.hibernate.orm.deprecation            : HHH90000026: MySQL8Dialect has been deprecated; use org.hibernate.dialect.MySQLDialect instead
2025-04-16T17:59:17.869+05:30  INFO 31020 --- [HotelBooking] [    Test worker] org.hibernate.orm.connections.pooling    : HHH10001005: Database info:
	Database JDBC URL [Connecting through datasource 'HikariDataSource (HikariPool-1)']
	Database driver: undefined/unknown
	Database version: 8.0
	Autocommit mode: undefined/unknown
	Isolation level: undefined/unknown
	Minimum pool size: undefined/unknown
	Maximum pool size: undefined/unknown
2025-04-16T17:59:19.930+05:30  INFO 31020 --- [HotelBooking] [    Test worker] o.h.e.t.j.p.i.JtaPlatformInitiator       : HHH000489: No JTA platform available (set 'hibernate.transaction.jta.platform' to enable JTA platform integration)
2025-04-16T17:59:20.244+05:30  INFO 31020 --- [HotelBooking] [    Test worker] j.LocalContainerEntityManagerFactoryBean : Initialized JPA EntityManagerFactory for persistence unit 'default'
2025-04-16T17:59:21.551+05:30  INFO 31020 --- [HotelBooking] [    Test worker] o.s.d.j.r.query.QueryEnhancerFactory     : Hibernate is in classpath; If applicable, HQL parser will be used.
2025-04-16T17:59:25.690+05:30  WARN 31020 --- [HotelBooking] [    Test worker] JpaBaseConfiguration$JpaWebConfiguration : spring.jpa.open-in-view is enabled by default. Therefore, database queries may be performed during view rendering. Explicitly configure spring.jpa.open-in-view to disable this warning
2025-04-16T17:59:25.796+05:30  INFO 31020 --- [HotelBooking] [    Test worker] r$InitializeUserDetailsManagerConfigurer : Global AuthenticationManager configured with UserDetailsService bean with name customUserDetailsService
2025-04-16T17:59:30.330+05:30  INFO 31020 --- [HotelBooking] [    Test worker] c.e.H.HotelBookingApplicationTests       : Started HotelBookingApplicationTests in 19.725 seconds (process running for 23.936)
]]></system-out>
  <system-err><![CDATA[Mockito is currently self-attaching to enable the inline-mock-maker. This will no longer work in future releases of the JDK. Please add Mockito as an agent to your build what is described in Mockito's documentation: https://javadoc.io/doc/org.mockito/mockito-core/latest/org/mockito/Mockito.html#0.3
WARNING: A Java agent has been loaded dynamically (C:\Users\minal\.gradle\caches\modules-2\files-2.1\net.bytebuddy\byte-buddy-agent\1.15.11\a38b16385e867f59a641330f0362ebe742788ed8\byte-buddy-agent-1.15.11.jar)
WARNING: If a serviceability tool is in use, please run with -XX:+EnableDynamicAgentLoading to hide this warning
WARNING: If a serviceability tool is not in use, please run with -Djdk.instrument.traceUsage for more information
WARNING: Dynamic loading of agents will be disallowed by default in a future release
]]></system-err>
</testsuite>
